<?xml version="1.0" encoding="UTF-8"?>
<testng-results ignored="0" total="1" passed="1" failed="0" skipped="0">
  <reporter-output>
  </reporter-output>
  <suite started-at="2026-06-11T18:09:51 IST" name="BankingSuite" finished-at="2026-06-11T18:10:30 IST" duration-ms="38830">
    <groups>
    </groups>
    <test started-at="2026-06-11T18:09:51 IST" name="BankingWorkflowTest" finished-at="2026-06-11T18:10:30 IST" duration-ms="38830">
      <class name="testcases.guru99.BankingWorkflowTest">
        <test-method is-config="true" signature="setup()[pri:0, instance:testcases.guru99.BankingWorkflowTest@15d49048]" started-at="2026-06-11T18:09:51 IST" name="setup" finished-at="2026-06-11T18:09:58 IST" duration-ms="7006" status="PASS">
          <reporter-output>
          </reporter-output>
        </test-method> <!-- setup -->
        <test-method signature="completeBankingWorkflow()[pri:0, instance:testcases.guru99.BankingWorkflowTest@15d49048]" started-at="2026-06-11T18:09:58 IST" name="completeBankingWorkflow" finished-at="2026-06-11T18:10:29 IST" duration-ms="31387" status="PASS">
          <reporter-output>
          </reporter-output>
        </test-method> <!-- completeBankingWorkflow -->
        <test-method is-config="true" signature="tearDown()[pri:0, instance:testcases.guru99.BankingWorkflowTest@15d49048]" started-at="2026-06-11T18:10:29 IST" name="tearDown" finished-at="2026-06-11T18:10:30 IST" duration-ms="354" status="PASS">
          <reporter-output>
          </reporter-output>
        </test-method> <!-- tearDown -->
      </class> <!-- testcases.guru99.BankingWorkflowTest -->
    </test> <!-- BankingWorkflowTest -->
  </suite> <!-- BankingSuite -->
</testng-results>
