<?xml version="1.0" encoding="UTF-8"?>
<!-- Generated by org.testng.reporters.JUnitXMLReporter -->
<testsuite ignored="0" hostname="EliteBook" failures="0" tests="3" name="Default test" time="22.082" errors="0" timestamp="2026-06-11T23:36:03 IST">
  <testcase classname="testcases.guru99.LoginTest" name="verifyEmptyLogin" time="3.156"/>
  <testcase classname="testcases.guru99.LoginTest" name="verifyInvalidLogin" time="1.652"/>
  <testcase classname="testcases.guru99.LoginTest" name="verifyValidLogin" time="2.833"/>
</testsuite> <!-- Default test -->
