<?xml version="1.0" encoding="UTF-8"?>
<!-- Generated by org.testng.reporters.JUnitReportReporter -->
<testsuite hostname="EliteBook" failures="0" tests="2" name="testcases.guru99.CustomerTest" time="30.725" errors="0" timestamp="2026-06-12T00:05:50 IST" skipped="0">
  <testcase classname="testcases.guru99.CustomerTest" name="verifyCustomerCreation" time="14.914"/>
  <testcase classname="testcases.guru99.CustomerTest" name="verifyCustomerCreation" time="15.811"/>
</testsuite> <!-- testcases.guru99.CustomerTest -->
