<?xml version="1.0" encoding="UTF-8"?>
<!-- Generated by org.testng.reporters.JUnitReportReporter -->
<testsuite hostname="EliteBook" failures="0" tests="2" name="testcases.guru99.CustomerTest" time="15.246" errors="0" timestamp="2026-06-10T23:25:30 IST" skipped="0">
  <testcase classname="testcases.guru99.CustomerTest" name="verifyCustomerCreation" time="8.264"/>
  <testcase classname="testcases.guru99.CustomerTest" name="verifyCustomerCreation" time="6.982"/>
</testsuite> <!-- testcases.guru99.CustomerTest -->
