<?xml version="1.0" encoding="UTF-8"?>
<!-- Generated by org.testng.reporters.JUnitReportReporter -->
<testsuite hostname="EliteBook" failures="0" tests="3" name="testcases.guru99.LoginTest" time="19.659" errors="0" timestamp="2026-06-12T00:05:50 IST" skipped="0">
  <testcase classname="testcases.guru99.LoginTest" name="verifyInvalidLogin" time="6.525"/>
  <testcase classname="testcases.guru99.LoginTest" name="verifyEmptyLogin" time="5.385"/>
  <testcase classname="testcases.guru99.LoginTest" name="verifyValidLogin" time="7.749"/>
</testsuite> <!-- testcases.guru99.LoginTest -->
