<?xml version="1.0" encoding="UTF-8"?>
<!-- Generated by org.testng.reporters.JUnitXMLReporter -->
<testsuite ignored="0" hostname="EliteBook" failures="0" tests="3" name="LoginTest" time="19.752" errors="0" timestamp="2026-06-12T00:05:34 IST">
  <testcase classname="testcases.guru99.LoginTest" name="verifyEmptyLogin" time="1.721"/>
  <testcase classname="testcases.guru99.LoginTest" name="verifyInvalidLogin" time="1.403"/>
  <testcase classname="testcases.guru99.LoginTest" name="verifyValidLogin" time="3.172"/>
</testsuite> <!-- LoginTest -->
